Arguments: 
  /usr/local/bin/node /usr/local/Cellar/yarn/1.22.11/libexec/bin/yarn.js add @bab/undefined

PATH: 
  /Users/martinjdixon/Desktop/complete-node-bootcamp-master/4-natours/starter/node_modules/.bin:/Users/martinjdixon/Desktop/complete-node-bootcamp-master/4-natours/node_modules/.bin:/Users/martinjdixon/Desktop/complete-node-bootcamp-master/node_modules/.bin:/Users/martinjdixon/Desktop/node_modules/.bin:/Users/martinjdixon/node_modules/.bin:/Users/node_modules/.bin:/node_modules/.bin:/usr/local/lib/node_modules/npm/node_modules/@npmcli/run-script/lib/node-gyp-bin:usr/local/opt/mongodb-community@4.0/bin:/usr/bin:/bin:/usr/sbin:/sbin:/usr/local/bin:/usr/local/mongodb/bin:/usr/local/mongodb/bin

Yarn version: 
  1.22.11

Node version: 
  16.17.0

Platform: 
  darwin x64

Trace: 
  Error: https://registry.yarnpkg.com/@bab%2fundefined: Not found
      at Request.params.callback [as _callback] (/usr/local/Cellar/yarn/1.22.11/libexec/lib/cli.js:66992:18)
      at Request.self.callback (/usr/local/Cellar/yarn/1.22.11/libexec/lib/cli.js:140763:22)
      at Request.emit (node:events:513:28)
      at Request.<anonymous> (/usr/local/Cellar/yarn/1.22.11/libexec/lib/cli.js:141735:10)
      at Request.emit (node:events:513:28)
      at IncomingMessage.<anonymous> (/usr/local/Cellar/yarn/1.22.11/libexec/lib/cli.js:141657:12)
      at Object.onceWrapper (node:events:627:28)
      at IncomingMessage.emit (node:events:525:35)
      at endReadableNT (node:internal/streams/readable:1358:12)
      at processTicksAndRejections (node:internal/process/task_queues:83:21)

npm manifest: 
  {
    "name": "natours",
    "version": "1.0.0",
    "description": "learning node, express mongoDB",
    "main": "app.js",
    "scripts": {
      "start": "nodemon server.js",
      "start:prod": "NODE_ENV=production nodemon server.js",
      "debug": "ndb server.js",
      "watch:js": "parcel watch ./public/js/index.js --out-dir ./public/js --out-file bundle.js --public-url ./js",
      "build:js": "parcel build ./public/js/index.js --out-dir ./public/js --out-file bundle.js --public-url ./js"
    },
    "author": "schmedtmann",
    "license": "ISC",
    "dependencies": {
      "@babel/polyfill": "^7.12.1",
      "axios": "^1.1.3",
      "bcryptjs": "^2.4.3",
      "cookie-parser": "^1.4.6",
      "dotenv": "^16.0.2",
      "express": "^4.18.1",
      "express-mongo-sanitize": "^2.2.0",
      "express-rate-limit": "^6.6.0",
      "helmet": "^3.16.0",
      "hpp": "^0.2.3",
      "jsonwebtoken": "^8.5.1",
      "mongoose": "^5.13.15",
      "morgan": "^1.10.0",
      "nodemailer": "^6.7.8",
      "pug": "^3.0.2",
      "slugify": "^1.6.5",
      "validator": "^13.7.0",
      "xss-clean": "^0.1.1"
    },
    "devDependencies": {
      "eslint": "^8.23.0",
      "eslint-config-airbnb": "^19.0.4",
      "eslint-config-prettier": "^8.5.0",
      "eslint-plugin-import": "^2.26.0",
      "eslint-plugin-jsx-a11y": "^6.6.1",
      "eslint-plugin-node": "^11.1.0",
      "eslint-plugin-prettier": "^4.2.1",
      "eslint-plugin-react": "^7.31.1",
      "parcel-bundler": "^1.12.5",
      "prettier": "^2.7.1"
    },
    "engines": {
      "node": ">=10.0.0"
    }
  }

yarn manifest: 
  No manifest

Lockfile: 
  No lockfile
